0 info it worked if it ends with ok
1 verbose cli [ '/usr/bin/nodejs', '/usr/bin/npm', 'start' ]
2 info using npm@3.10.3
3 info using node@v6.7.0
4 verbose run-script [ 'prestart', 'start', 'poststart' ]
5 info lifecycle adonis-app@3.1.0~prestart: adonis-app@3.1.0
6 silly lifecycle adonis-app@3.1.0~prestart: no script for prestart, continuing
7 info lifecycle adonis-app@3.1.0~start: adonis-app@3.1.0
8 verbose lifecycle adonis-app@3.1.0~start: unsafe-perm in lifecycle true
9 verbose lifecycle adonis-app@3.1.0~start: PATH: /usr/lib/node_modules/npm/bin/node-gyp-bin:/home/gergi30/Asztal/home/school/alkfejl_bead/PhotoSpace/node_modules/.bin:/usr/bin:/home/gergi30/bin:/home/gergi30/.local/bin:/usr/local/sbin:/usr/local/bin:/usr/sbin:/usr/bin:/sbin:/bin:/usr/games:/usr/local/games:/snap/bin:/usr/lib/jvm/java-7-oracle/bin:/usr/lib/jvm/java-7-oracle/db/bin:/usr/lib/jvm/java-7-oracle/jre/bin
10 verbose lifecycle adonis-app@3.1.0~start: CWD: /home/gergi30/Asztal/home/school/alkfejl_bead/PhotoSpace
11 silly lifecycle adonis-app@3.1.0~start: Args: [ '-c', 'node --harmony_proxies server.js' ]
12 silly lifecycle adonis-app@3.1.0~start: Returned: code: 1  signal: null
13 info lifecycle adonis-app@3.1.0~start: Failed to exec start script
14 verbose stack Error: adonis-app@3.1.0 start: `node --harmony_proxies server.js`
14 verbose stack Exit status 1
14 verbose stack     at EventEmitter.<anonymous> (/usr/lib/node_modules/npm/lib/utils/lifecycle.js:242:16)
14 verbose stack     at emitTwo (events.js:106:13)
14 verbose stack     at EventEmitter.emit (events.js:191:7)
14 verbose stack     at ChildProcess.<anonymous> (/usr/lib/node_modules/npm/lib/utils/spawn.js:40:14)
14 verbose stack     at emitTwo (events.js:106:13)
14 verbose stack     at ChildProcess.emit (events.js:191:7)
14 verbose stack     at maybeClose (internal/child_process.js:877:16)
14 verbose stack     at Process.ChildProcess._handle.onexit (internal/child_process.js:226:5)
15 verbose pkgid adonis-app@3.1.0
16 verbose cwd /home/gergi30/Asztal/home/school/alkfejl_bead/PhotoSpace
17 error Linux 4.7.6-040706-generic
18 error argv "/usr/bin/nodejs" "/usr/bin/npm" "start"
19 error node v6.7.0
20 error npm  v3.10.3
21 error code ELIFECYCLE
22 error adonis-app@3.1.0 start: `node --harmony_proxies server.js`
22 error Exit status 1
23 error Failed at the adonis-app@3.1.0 start script 'node --harmony_proxies server.js'.
23 error Make sure you have the latest version of node.js and npm installed.
23 error If you do, this is most likely a problem with the adonis-app package,
23 error not with npm itself.
23 error Tell the author that this fails on your system:
23 error     node --harmony_proxies server.js
23 error You can get information on how to open an issue for this project with:
23 error     npm bugs adonis-app
23 error Or if that isn't available, you can get their info via:
23 error     npm owner ls adonis-app
23 error There is likely additional logging output above.
24 verbose exit [ 1, true ]
